<?xml version="1.0" encoding="UTF-8"?>
<!-- Generated by org.testng.reporters.JUnitXMLReporter -->
<testsuite hostname="Admin-PC" name="Maven Surefire Plugin Regression Test" tests="3" failures="0" timestamp="17 Feb 2020 14:38:12 GMT" time="59.85" errors="0">
  <testcase name="chromeBrowserTest_1" time="14.246" classname="com.qa.ChromeTests.ChromeBrowserTest_1"/>
  <testcase name="chromeBrowserTest_2" time="31.498" classname="com.qa.ChromeTests.ChromeBrowserTest_2"/>
  <testcase name="chromeBrowserTest_3" time="14.018" classname="com.qa.ChromeTests.ChromeBrowserTest_3"/>
</testsuite> <!-- Maven Surefire Plugin Regression Test -->
