<?xml version="1.0" encoding="UTF-8"?>
<!-- Generated by org.testng.reporters.JUnitXMLReporter -->
<testsuite hostname="Admin-PC" name="Maven Surefire Plugin Regression Test" tests="6" failures="0" timestamp="19 Dec 2019 17:06:11 GMT" time="0.075" errors="0">
  <testcase name="browserOpened" time="0.02" classname="com.qa.Web.WebTest"/>
  <testcase name="applicationLaunched" time="0.003" classname="com.qa.Web.WebTest"/>
  <testcase name="statusCode" time="0.002" classname="com.qa.Rest.RestAssuredTest"/>
  <testcase name="responseBody" time="0.003" classname="com.qa.Rest.RestAssuredTest"/>
  <testcase name="nativeApplication" time="0.002" classname="com.qa.Appium.AppiumTest"/>
  <testcase name="hybridApplication" time="0.002" classname="com.qa.Appium.AppiumTest"/>
</testsuite> <!-- Maven Surefire Plugin Regression Test -->
