<?xml version="1.0" encoding="UTF-8"?>
<!-- Generated by org.testng.reporters.JUnitXMLReporter -->
<testsuite hostname="Admin-PC" ignored="0" name="Maven Surefire Plugin Regression Test" tests="6" failures="0" timestamp="2019-12-11T22:33:13 IST" time="0.088" errors="0">
  <testcase name="browserOpened" time="0.012" classname="com.qa.Web.WebTest"/>
  <testcase name="applicationLaunched" time="0.001" classname="com.qa.Web.WebTest"/>
  <testcase name="statusCode" time="0.0" classname="com.qa.Rest.RestAssuredTest"/>
  <testcase name="responseBody" time="0.001" classname="com.qa.Rest.RestAssuredTest"/>
  <testcase name="nativeApplication" time="0.001" classname="com.qa.Appium.AppiumTest"/>
  <testcase name="hybridApplication" time="0.0" classname="com.qa.Appium.AppiumTest"/>
</testsuite> <!-- Maven Surefire Plugin Regression Test -->
