<?xml version="1.0" encoding="UTF-8"?>
<!-- Generated by org.testng.reporters.JUnitXMLReporter -->
<testsuite hostname="Admin-PC" ignored="0" name="Maven Surefire Plugin Regression Test" tests="3" failures="0" timestamp="2020-02-17T20:04:52 IST" time="60.563" errors="0">
  <testcase name="chromeBrowserTest_1" time="26.785" classname="com.qa.ChromeTests.ChromeBrowserTest_1"/>
  <testcase name="chromeBrowserTest_2" time="21.299" classname="com.qa.ChromeTests.ChromeBrowserTest_2"/>
  <testcase name="chromeBrowserTest_3" time="12.384" classname="com.qa.ChromeTests.ChromeBrowserTest_3"/>
</testsuite> <!-- Maven Surefire Plugin Regression Test -->
