<?xml version="1.0" encoding="UTF-8"?>
<!-- Generated by org.testng.reporters.JUnitXMLReporter -->
<testsuite hostname="Admin-PC" name="Test" tests="6" failures="0" timestamp="29 Nov 2019 15:13:39 GMT" time="0.101" errors="0">
  <testcase name="nativeApplication" time="0.017" classname="com.qa.Appium.Appium"/>
  <testcase name="hybridApplication" time="0.002" classname="com.qa.Appium.Appium"/>
  <testcase name="statusCode" time="0.002" classname="com.qa.Rest.RestAssured"/>
  <testcase name="responseBody" time="0.002" classname="com.qa.Rest.RestAssured"/>
  <testcase name="browserOpened" time="0.002" classname="com.qa.Web.Web"/>
  <testcase name="applicationLaunched" time="0.001" classname="com.qa.Web.Web"/>
</testsuite> <!-- Test -->
