<?xml version="1.0" encoding="UTF-8"?>
<!-- Generated by org.testng.reporters.JUnitXMLReporter -->
<testsuite hostname="Admin-PC" ignored="0" name="Maven Surefire Plugin Test" tests="6" failures="0" timestamp="2019-11-29T21:07:10 IST" time="0.078" errors="0">
  <testcase name="nativeApplication" time="0.011" classname="com.qa.Appium.Appium"/>
  <testcase name="hybridApplication" time="0.0" classname="com.qa.Appium.Appium"/>
  <testcase name="statusCode" time="0.0" classname="com.qa.Rest.RestAssured"/>
  <testcase name="responseBody" time="0.001" classname="com.qa.Rest.RestAssured"/>
  <testcase name="browserOpened" time="0.0" classname="com.qa.Web.Web"/>
  <testcase name="applicationLaunched" time="0.001" classname="com.qa.Web.Web"/>
</testsuite> <!-- Maven Surefire Plugin Test -->
