<?xml version="1.0" encoding="UTF-8"?>
<!-- Generated by org.testng.reporters.JUnitXMLReporter -->
<testsuite hostname="Admin-PC" ignored="0" name="Maven Surefire Plugin Test" tests="6" failures="0" timestamp="2019-11-30T11:15:53 IST" time="0.078" errors="0">
  <testcase name="nativeApplication" time="0.015" classname="com.qa.Appium.AppiumTest"/>
  <testcase name="hybridApplication" time="0.0" classname="com.qa.Appium.AppiumTest"/>
  <testcase name="statusCode" time="0.0" classname="com.qa.Rest.RestAssuredTest"/>
  <testcase name="responseBody" time="0.0" classname="com.qa.Rest.RestAssuredTest"/>
  <testcase name="browserOpened" time="0.0" classname="com.qa.Web.WebTest"/>
  <testcase name="applicationLaunched" time="0.0" classname="com.qa.Web.WebTest"/>
</testsuite> <!-- Maven Surefire Plugin Test -->
