<?xml version="1.0" encoding="UTF-8"?>
<testsuite name="TestSuite" time="0.015" tests="6" errors="0" skipped="0" failures="0">
  <properties>
[...]
</properties>
  <testcase name="browserOpened" classname="com.qa.Web.WebTest" time="0.01"/>
  <testcase name="applicationLaunched" classname="com.qa.Web.WebTest" time="0"/>
  <testcase name="statusCode" classname="com.qa.Rest.RestAssuredTest" time="0.002"/>
  <testcase name="responseBody" classname="com.qa.Rest.RestAssuredTest" time="0.002"/>
  <testcase name="nativeApplication" classname="com.qa.Appium.AppiumTest" time="0"/>
  <testcase name="hybridApplication" classname="com.qa.Appium.AppiumTest" time="0.001"/>
</testsuite>