<?xml version="1.0" encoding="UTF-8"?>
<testng-results skipped="0" failed="0" total="6" passed="6">
  <reporter-output>
  </reporter-output>
  <suite name="Maven Surefire Plugin Suite" duration-ms="103" started-at="2019-11-30T05:43:53Z" finished-at="2019-11-30T05:43:53Z">
    <groups>
    </groups>
    <test name="Maven Surefire Plugin Test" duration-ms="103" started-at="2019-11-30T05:43:53Z" finished-at="2019-11-30T05:43:53Z">
      <class name="com.qa.Rest.RestAssuredTest">
        <test-method status="PASS" signature="statusCode()[pri:1, instance:com.qa.Rest.RestAssuredTest@5034c75a]" name="statusCode" duration-ms="2" started-at="2019-11-30T11:13:53Z" finished-at="2019-11-30T11:13:53Z">
          <reporter-output>
          </reporter-output>
        </test-method> <!-- statusCode -->
        <test-method status="PASS" signature="responseBody()[pri:2, instance:com.qa.Rest.RestAssuredTest@5034c75a]" name="responseBody" duration-ms="2" started-at="2019-11-30T11:13:53Z" finished-at="2019-11-30T11:13:53Z">
          <reporter-output>
          </reporter-output>
        </test-method> <!-- responseBody -->
      </class> <!-- com.qa.Rest.RestAssuredTest -->
      <class name="com.qa.Appium.AppiumTest">
        <test-method status="PASS" signature="nativeApplication()[pri:1, instance:com.qa.Appium.AppiumTest@36d4b5c]" name="nativeApplication" duration-ms="20" started-at="2019-11-30T11:13:53Z" finished-at="2019-11-30T11:13:53Z">
          <reporter-output>
          </reporter-output>
        </test-method> <!-- nativeApplication -->
        <test-method status="PASS" signature="hybridApplication()[pri:2, instance:com.qa.Appium.AppiumTest@36d4b5c]" name="hybridApplication" duration-ms="4" started-at="2019-11-30T11:13:53Z" finished-at="2019-11-30T11:13:53Z">
          <reporter-output>
          </reporter-output>
        </test-method> <!-- hybridApplication -->
      </class> <!-- com.qa.Appium.AppiumTest -->
      <class name="com.qa.Web.WebTest">
        <test-method status="PASS" signature="browserOpened()[pri:1, instance:com.qa.Web.WebTest@396a51ab]" name="browserOpened" duration-ms="2" started-at="2019-11-30T11:13:53Z" finished-at="2019-11-30T11:13:53Z">
          <reporter-output>
          </reporter-output>
        </test-method> <!-- browserOpened -->
        <test-method status="PASS" signature="applicationLaunched()[pri:2, instance:com.qa.Web.WebTest@396a51ab]" name="applicationLaunched" duration-ms="1" started-at="2019-11-30T11:13:53Z" finished-at="2019-11-30T11:13:53Z">
          <reporter-output>
          </reporter-output>
        </test-method> <!-- applicationLaunched -->
      </class> <!-- com.qa.Web.WebTest -->
    </test> <!-- Maven Surefire Plugin Test -->
  </suite> <!-- Maven Surefire Plugin Suite -->
</testng-results>
