<?xml version="1.0" encoding="UTF-8"?>
<!-- Generated by org.testng.reporters.JUnitXMLReporter -->
<testsuite hostname="Admin-PC" name="Maven Surefire Plugin Test" tests="6" failures="0" timestamp="30 Nov 2019 05:43:53 GMT" time="0.103" errors="0">
  <testcase name="nativeApplication" time="0.02" classname="com.qa.Appium.AppiumTest"/>
  <testcase name="hybridApplication" time="0.004" classname="com.qa.Appium.AppiumTest"/>
  <testcase name="statusCode" time="0.002" classname="com.qa.Rest.RestAssuredTest"/>
  <testcase name="responseBody" time="0.002" classname="com.qa.Rest.RestAssuredTest"/>
  <testcase name="browserOpened" time="0.002" classname="com.qa.Web.WebTest"/>
  <testcase name="applicationLaunched" time="0.001" classname="com.qa.Web.WebTest"/>
</testsuite> <!-- Maven Surefire Plugin Test -->
