<?xml version="1.0" encoding="UTF-8"?>
<!-- Generated by org.testng.reporters.JUnitXMLReporter -->
<testsuite hostname="Admin-PC" name="Maven Surefire Plugin Smoke Test" tests="4" failures="0" timestamp="19 Dec 2019 17:06:05 GMT" time="0.069" errors="0">
  <testcase name="browserOpened" time="0.02" classname="com.qa.Web.WebTest"/>
  <testcase name="applicationLaunched" time="0.003" classname="com.qa.Web.WebTest"/>
  <testcase name="statusCode" time="0.002" classname="com.qa.Rest.RestAssuredTest"/>
  <testcase name="responseBody" time="0.002" classname="com.qa.Rest.RestAssuredTest"/>
</testsuite> <!-- Maven Surefire Plugin Smoke Test -->
