<?xml version="1.0" encoding="UTF-8"?>
<!-- Generated by org.testng.reporters.JUnitXMLReporter -->
<testsuite hostname="Admin-PC" ignored="0" name="Maven Surefire Plugin Smoke Test" tests="4" failures="0" timestamp="2019-12-11T21:24:36 IST" time="0.081" errors="0">
  <testcase name="browserOpened" time="0.013" classname="com.qa.Web.WebTest"/>
  <testcase name="applicationLaunched" time="0.0" classname="com.qa.Web.WebTest"/>
  <testcase name="statusCode" time="0.001" classname="com.qa.Rest.RestAssuredTest"/>
  <testcase name="responseBody" time="0.001" classname="com.qa.Rest.RestAssuredTest"/>
</testsuite> <!-- Maven Surefire Plugin Smoke Test -->
