<?xml version="1.0" encoding="UTF-8"?>
<!-- Generated by org.testng.reporters.JUnitXMLReporter -->
<testsuite hostname="Admin-PC" ignored="0" name="Maven Surefire Plugin Smoke Test" tests="2" failures="0" timestamp="2020-02-17T20:03:19 IST" time="37.329" errors="0">
  <testcase name="chromeBrowserTest_1" time="20.821" classname="com.qa.ChromeTests.ChromeBrowserTest_1"/>
  <testcase name="chromeBrowserTest_2" time="16.433" classname="com.qa.ChromeTests.ChromeBrowserTest_2"/>
</testsuite> <!-- Maven Surefire Plugin Smoke Test -->
